
SQL*Plus: Release 10.2.0.1.0 - Production on Wed Sep 12 09:52:06 2012

Copyright (c) 1982, 2005, Oracle.  All rights reserved.


Connected to:
Oracle Database 10g Enterprise Edition Release 10.2.0.2.0 - 64bit Production
With the Partitioning, OLAP and Data Mining options

SQL> SQL> SQL> SQL> SQL> SQL> SQL> SQL> SQL> SQL> SQL> SQL> SQL> SQL> SQL> SQL> SQL> SQL> SQL> SQL> SQL> SQL> SQL> SQL> SQL> SQL> SQL> SQL> SQL> SQL> SQL> SQL> SQL> SQL> SQL> SQL> SQL> SQL> SQL> SQL> SQL> SQL> SQL> SQL> SQL> SQL> SQL> SQL> SQL> SQL> SQL> SQL> SQL> SQL> SQL> SQL> SQL> SQL> SQL> SQL> SQL> SQL> SQL> SQL> SQL> SQL> SQL> SQL> SQL> SQL> SQL> SQL> SQL> SQL> SQL> SQL> SQL> "-------------------Update Detail Tagihan--------------------"
SQL>   2    3    4    5    6    7    8    9   10   11   12   13   14   15   16   17   18   19   20   21   22   23   24   25   26   27   28   29   30   31   32   33   34   35   36   37   38   39   40   41   42   43   44   45   46   47   48   49   50   51   52   53   54   55   56   57   58   59   60   61   62   63   64   65   66   67   68   69   70   71   72   73   74   75   76   77   78   79   80   81   82   83   84   85   86   87   88   89   90   91   92   93   94   95   96   97   98   99  100  101  102  103  104  105  106  107  108  109  110  111  112  113  114  115  116  117  118  119  120  121  122  123  124  125  126  127  128  129  130  131  132  133  134  135  136  137  138  139  140  141   FORALL i IN 1..v_rownum.count loop
                               *
ERROR at line 88:
ORA-06550: line 88, column 32:
PLS-00103: Encountered the symbol "LOOP" when expecting one of the following:
. ( * @ % & - + / at mod remainder rem select update with
<an exponent (**)> delete insert || execute multiset save
merge
ORA-06550: line 89, column 39:
PLS-00103: Encountered the symbol "," when expecting one of the following:
. ( * % & = - + ; < / > at in is mod remainder not rem
<an exponent (**)> <> or != or ~= >= <= <> and or like LIKE2_
LIKE4_ LIKEC_ between || multiset m
ORA-06550: line 90, column 25:
PLS-00103: Encountered the symbol "=" when expecting one of the following:
. ( ) , * % & | = - + < / > at in is mod remainder not range
rem => .. <an exponent (**)> <> or != or ~= >= <= <> and or
like LIKE2_ LIKE4_ LIKEC_ betwe
ORA-06550: line 91, column 13:
PLS-00103: Encountered the symbol "V_NDOS" when expecting one of the following:
drop add rename modify
ORA-06550: line 91, column 37:
PLS-00103: Encountered the symbol "," when expecting one of the following:


SQL> SQL>   2  
JUMLAH_ROW
----------
     48961

SQL> Disconnected from Oracle Database 10g Enterprise Edition Release 10.2.0.2.0 - 64bit Production
With the Partitioning, OLAP and Data Mining options
